Arguments: 
  C:\Program Files\nodejs\node.exe C:\Program Files (x86)\Yarn\bin\yarn.js add lerna

PATH: 
  H:\bin;C:\Program Files\Git\mingw64\bin;C:\Program Files\Git\usr\local\bin;C:\Program Files\Git\usr\bin;C:\Program Files\Git\usr\bin;C:\Program Files\Git\mingw64\bin;C:\Program Files\Git\usr\bin;H:\bin;C:\Python38\Scripts;C:\Python38;C:\Program Files\Amazon Corretto\jdk1.8.0_242\bin;C:\Program Files (x86)\Amazon Corretto\jdk1.8.0_242\bin;C:\WINDOWS\system32;C:\WINDOWS;C:\WINDOWS\System32\Wbem;C:\WINDOWS\System32\WindowsPowerShell\v1.0;C:\WINDOWS\System32\OpenSSH;C:\ProgramData\chocolatey\bin;C:\Program Files\Git\cmd;C:\Program Files (x86)\Yarn\bin;C:\Program Files\nodejs;C:\Users\ALABARG\AppData\Local\Microsoft\WindowsApps;C:\Users\ALABARG\AppData\Local\Programs\Microsoft VS Code\bin;C:\Users\ALABARG\AppData\Local\Yarn\bin;C:\Users\ALABARG\AppData\Roaming\npm;C:\Program Files\Git\usr\bin\vendor_perl;C:\Program Files\Git\usr\bin\core_perl

Yarn version: 
  1.22.4

Node version: 
  10.21.0

Platform: 
  win32 x64

Trace: 
  Error: connect ECONNABORTED 104.16.22.35:443
      at TCPConnectWrap.afterConnect [as oncomplete] (net.js:1107:14)

npm manifest: 
  {
    "name": "@example/root",
    "version": "1.0.0",
    "description": "React Lerna Hooks",
    "main": "index.js",
    "scripts": {
      "test": "echo \"Error: no test specified\" && exit 1"
    },
    "author": "",
    "license": "ISC"
  }

yarn manifest: 
  No manifest

Lockfile: 
  No lockfile
